<?xml version="1.0" encoding="utf-8"?><testsuites><testsuite name="pytest" errors="0" failures="0" skipped="0" tests="102" time="2.641" timestamp="2024-02-18T15:23:43.296157" hostname="53118eb4ce4c"><testcase classname="tests.repo.test_code.TestCodeRepo" name="test_create" time="0.035" /><testcase classname="tests.repo.test_code.TestCodeRepo" name="test_get_last_not_exist" time="0.012" /><testcase classname="tests.repo.test_code.TestCodeRepo" name="test_get_last_one_exist" time="0.010" /><testcase classname="tests.repo.test_code.TestCodeRepo" name="test_get_last_multiple_exist" time="0.009" /><testcase classname="tests.repo.test_user.TestUserRepo" name="test_all" time="0.015" /><testcase classname="tests.repo.test_user.TestUserRepo" name="test_all_include_not_confirmed_email" time="0.011" /><testcase classname="tests.repo.test_user.TestUserRepo" name="test_create" time="0.003" /><testcase classname="tests.repo.test_user.TestUserRepo" name="test_create_email_normalization" time="0.006" /><testcase classname="tests.repo.test_user.TestUserRepo" name="test_update" time="0.008" /><testcase classname="tests.repo.test_user.TestUserRepo" name="test_delete" time="0.006" /><testcase classname="tests.repo.test_user.TestUserRepo" name="test_email_exists" time="0.013" /><testcase classname="tests.repo.test_user.TestUserRepo" name="test_username_exists" time="0.009" /><testcase classname="tests.repo.test_user.TestUserRepo" name="test_get_by_login_as_email" time="0.011" /><testcase classname="tests.repo.test_user.TestUserRepo" name="test_get_by_login_as_username" time="0.010" /><testcase classname="tests.repo.test_user.TestUserRepo" name="test_by_id" time="0.007" /><testcase classname="tests.repo.test_user.TestUserRepo" name="test_by_email" time="0.010" /><testcase classname="tests.services.test_authenticate.TestAuthenticateByToken" name="test_access_jwt_error" time="0.003" /><testcase classname="tests.services.test_authenticate.TestAuthenticateByToken" name="test_access_payload_error" time="0.002" /><testcase classname="tests.services.test_authenticate.TestAuthenticateByToken" name="test_access_user_not_found" time="0.002" /><testcase classname="tests.services.test_authenticate.TestAuthenticateByToken" name="test_access_token_revoked" time="0.002" /><testcase classname="tests.services.test_authenticate.TestAuthenticateByToken" name="test_access_user_not_active" time="0.002" /><testcase classname="tests.services.test_authenticate.TestAuthenticateByToken" name="test_refresh_jwt_error" time="0.002" /><testcase classname="tests.services.test_authenticate.TestAuthenticateByToken" name="test_refresh_payload_error" time="0.002" /><testcase classname="tests.services.test_authenticate.TestAuthenticateByToken" name="test_refresh_user_not_found" time="0.002" /><testcase classname="tests.services.test_authenticate.TestAuthenticateByToken" name="test_refresh_token_revoked" time="0.002" /><testcase classname="tests.services.test_authenticate.TestAuthenticateByToken" name="test_refresh_user_not_active" time="0.002" /><testcase classname="tests.services.test_authenticate.TestAuthenticateByToken" name="test_authenticate_by_access" time="0.002" /><testcase classname="tests.services.test_authenticate.TestAuthenticateByToken" name="test_authenticate_by_refresh" time="0.002" /><testcase classname="tests.services.test_code_check.TestCheckCode" name="test_check" time="0.001" /><testcase classname="tests.services.test_code_check.TestCheckCode" name="test_check_fail_time" time="0.001" /><testcase classname="tests.services.test_code_check.TestCheckCode" name="test_check_fail_time_raise_exc" time="0.001" /><testcase classname="tests.services.test_code_check.TestCheckCode" name="test_check_fail_code" time="0.001" /><testcase classname="tests.services.test_code_check.TestCheckCode" name="test_check_fail_code_raise_exc" time="0.001" /><testcase classname="tests.services.test_code_check.TestCheckCode" name="test_check_no_last" time="0.001" /><testcase classname="tests.services.test_code_check.TestCheckCode" name="test_check_no_last_raise_exc" time="0.001" /><testcase classname="tests.services.test_code_create.TestCreateCode" name="test_create_no_last_code" time="0.002" /><testcase classname="tests.services.test_code_create.TestCreateCode" name="test_create_last_code_not_active" time="0.002" /><testcase classname="tests.services.test_code_create.TestCreateCode" name="test_create_active_last_code" time="0.002" /><testcase classname="tests.services.test_code_create.TestCreateCode" name="test_create_no_send" time="0.002" /><testcase classname="tests.services.test_code_send.TestSendCode" name="test_send_for_email_confirm" time="0.001" /><testcase classname="tests.services.test_code_send.TestSendCode" name="test_send_for_password_reset" time="0.001" /><testcase classname="tests.services.test_jwt_create.TestCreateJWTTokens" name="test_create" time="0.002" /><testcase classname="tests.services.test_jwt_refresh.TestRefreshJWTTokens" name="test_refresh" time="0.001" /><testcase classname="tests.services.test_jwt_revoke.TestRevokeJWTTokens" name="test_revoke" time="0.001" /><testcase classname="tests.services.test_login.TestLoginUser" name="test_user_not_found" time="0.001" /><testcase classname="tests.services.test_login.TestLoginUser" name="test_wrong_password" time="0.001" /><testcase classname="tests.services.test_login.TestLoginUser" name="test_login" time="0.001" /><testcase classname="tests.services.test_password_change.TestChangePassword" name="test_change_wrong_current_password" time="0.001" /><testcase classname="tests.services.test_password_change.TestChangePassword" name="test_change_password_mismatch" time="0.001" /><testcase classname="tests.services.test_password_change.TestChangePassword" name="test_change_same_password" time="0.001" /><testcase classname="tests.services.test_password_change.TestChangePassword" name="test_change_password_not_valid" time="0.001" /><testcase classname="tests.services.test_password_change.TestChangePassword" name="test_change" time="0.001" /><testcase classname="tests.services.test_password_check.TestCheckPassword" name="test_check_match" time="0.001" /><testcase classname="tests.services.test_password_check.TestCheckPassword" name="test_check_mismatch" time="0.001" /><testcase classname="tests.services.test_password_confirm_reset.TestConfirmResetPassword" name="test_user_not_found" time="0.001" /><testcase classname="tests.services.test_password_confirm_reset.TestConfirmResetPassword" name="test_wrong_code" time="0.001" /><testcase classname="tests.services.test_password_confirm_reset.TestConfirmResetPassword" name="test_password_mismatch" time="0.001" /><testcase classname="tests.services.test_password_confirm_reset.TestConfirmResetPassword" name="test_password_same" time="0.001" /><testcase classname="tests.services.test_password_confirm_reset.TestConfirmResetPassword" name="test_password_not_valid" time="0.001" /><testcase classname="tests.services.test_password_confirm_reset.TestConfirmResetPassword" name="test_reset" time="0.001" /><testcase classname="tests.services.test_password_hash.TestHashassword" name="test_check_match" time="0.001" /><testcase classname="tests.services.test_password_reset.TestResetPassword" name="test_user_not_found" time="0.001" /><testcase classname="tests.services.test_password_reset.TestResetPassword" name="test_reset" time="0.001" /><testcase classname="tests.services.test_registration_check.TestCheckRegistration" name="test_user_not_found" time="0.001" /><testcase classname="tests.services.test_registration_check.TestCheckRegistration" name="test_email_not_confirmed" time="0.001" /><testcase classname="tests.services.test_registration_check.TestCheckRegistration" name="test_email_confirmed" time="0.001" /><testcase classname="tests.services.test_registration_confirm.TestConfirmRegistration" name="test_user_not_found" time="0.001" /><testcase classname="tests.services.test_registration_confirm.TestConfirmRegistration" name="test_email_already_confirmed" time="0.001" /><testcase classname="tests.services.test_registration_confirm.TestConfirmRegistration" name="test_wrong_code" time="0.001" /><testcase classname="tests.services.test_registration_confirm.TestConfirmRegistration" name="test_confirm" time="0.001" /><testcase classname="tests.services.test_registration_create.TestRegisterUser" name="test_email_exists" time="0.002" /><testcase classname="tests.services.test_registration_create.TestRegisterUser" name="test_username_exists" time="0.002" /><testcase classname="tests.services.test_registration_create.TestRegisterUser" name="test_username_not_valid" time="0.002" /><testcase classname="tests.services.test_registration_create.TestRegisterUser" name="test_password_mismatch" time="0.002" /><testcase classname="tests.services.test_registration_create.TestRegisterUser" name="test_password_not_valid" time="0.002" /><testcase classname="tests.services.test_registration_create.TestRegisterUser" name="test_register" time="0.002" /><testcase classname="tests.services.test_registration_repeat.TestRepeatRegistrationCode" name="test_user_not_found" time="0.001" /><testcase classname="tests.services.test_registration_repeat.TestRepeatRegistrationCode" name="test_email_already_confirmed" time="0.001" /><testcase classname="tests.services.test_registration_repeat.TestRepeatRegistrationCode" name="test_repeat" time="0.001" /><testcase classname="tests.services.test_validator_base.TestValidate" name="test_and_mode_both_valid" time="0.001" /><testcase classname="tests.services.test_validator_base.TestValidate" name="test_and_mode_first_valid" time="0.001" /><testcase classname="tests.services.test_validator_base.TestValidate" name="test_and_mode_second_valid" time="0.001" /><testcase classname="tests.services.test_validator_base.TestValidate" name="test_and_mode_both_not_valid" time="0.001" /><testcase classname="tests.services.test_validator_base.TestValidate" name="test_or_mode_both_valid" time="0.001" /><testcase classname="tests.services.test_validator_base.TestValidate" name="test_or_mode_first_valid" time="0.001" /><testcase classname="tests.services.test_validator_base.TestValidate" name="test_or_mode_second_valid" time="0.001" /><testcase classname="tests.services.test_validator_base.TestValidate" name="test_or_mode_both_not_valid" time="0.001" /><testcase classname="tests.services.test_validator_base.TestLengthValidator" name="test_less_than_min" time="0.000" /><testcase classname="tests.services.test_validator_base.TestLengthValidator" name="test_less_than_min_raise_exc" time="0.001" /><testcase classname="tests.services.test_validator_base.TestLengthValidator" name="test_more_than_max" time="0.001" /><testcase classname="tests.services.test_validator_base.TestLengthValidator" name="test_more_than_max_raise_exc" time="0.000" /><testcase classname="tests.services.test_validator_base.TestLengthValidator" name="test_validator" time="0.000" /><testcase classname="tests.services.test_validator_base.TestCharacterValidator" name="test_invalid_characters" time="0.000" /><testcase classname="tests.services.test_validator_base.TestCharacterValidator" name="test_invalid_characters_raise_exc" time="0.000" /><testcase classname="tests.services.test_validator_base.TestCharacterValidator" name="test_validator" time="0.000" /><testcase classname="tests.services.test_validator_password_required_characters.TestPasswordRequiredCharactersValidator" name="test_contains_all_but_lowercase" time="0.000" /><testcase classname="tests.services.test_validator_password_required_characters.TestPasswordRequiredCharactersValidator" name="test_contains_all_but_lowercase_raise_exc" time="0.000" /><testcase classname="tests.services.test_validator_password_required_characters.TestPasswordRequiredCharactersValidator" name="test_contains_all_but_uppercase" time="0.000" /><testcase classname="tests.services.test_validator_password_required_characters.TestPasswordRequiredCharactersValidator" name="test_contains_all_but_uppercase_raise_exc" time="0.000" /><testcase classname="tests.services.test_validator_password_required_characters.TestPasswordRequiredCharactersValidator" name="test_contains_all_but_digits" time="0.000" /><testcase classname="tests.services.test_validator_password_required_characters.TestPasswordRequiredCharactersValidator" name="test_contains_all_but_digits_raise_exc" time="0.000" /><testcase classname="tests.services.test_validator_password_required_characters.TestPasswordRequiredCharactersValidator" name="test_validator" time="0.001" /></testsuite></testsuites>